#
# There is insufficient memory for the Java Runtime Environment to continue.
# Native memory allocation (mmap) failed to map 257949696 bytes. Error detail: G1 virtual space
# Possible reasons:
#   The system is out of physical RAM or swap space
#   This process is running with CompressedOops enabled, and the Java Heap may be blocking the growth of the native heap
# Possible solutions:
#   Reduce memory load on the system
#   Increase physical memory or swap space
#   Check if swap backing store is full
#   Decrease Java heap size (-Xmx/-Xms)
#   Decrease number of Java threads
#   Decrease Java thread stack sizes (-Xss)
#   Set larger code cache with -XX:ReservedCodeCacheSize=
#   JVM is running with Zero Based Compressed Oops mode in which the Java heap is
#     placed in the first 32GB address space. The Java Heap base address is the
#     maximum limit for the native heap growth. Please use -XX:HeapBaseMinAddress
#     to set the Java Heap base and to place the Java Heap above 32GB virtual address.
# This output file may be truncated or incomplete.
#
#  Out of Memory Error (os_windows.cpp:3703), pid=20988, tid=19756
#
# JRE version:  (23.0.1+11) (build )
# Java VM: OpenJDK 64-Bit Server VM (23.0.1+11, mixed mode, emulated-client, sharing, tiered, compressed oops, compressed class ptrs, g1 gc, windows-amd64)
# No core dump will be written. Minidumps are not enabled by default on client versions of Windows
#

---------------  S U M M A R Y ------------

Command Line: -XX:TieredStopAtLevel=1 -Dspring.output.ansi.enabled=always -javaagent:F:\IntelliJ\IntelliJ IDEA 2025.3.1.1\lib\idea_rt.jar=54271 -Dfile.encoding=UTF-8 -Dsun.stdout.encoding=UTF-8 -Dsun.stderr.encoding=UTF-8 com.game.api_gateway.ApiGatewayApplication

Host: AMD Ryzen 7 5800H with Radeon Graphics         , 16 cores, 15G,  Windows 10 , 64 bit Build 19041 (10.0.19041.5915)
Time: Mon May  4 15:47:48 2026 SE Asia Standard Time elapsed time: 0.013888 seconds (0d 0h 0m 0s)

---------------  T H R E A D  ---------------

Current thread (0x0000021a565d9130):  JavaThread "Unknown thread" [_thread_in_vm, id=19756, stack(0x000000e138100000,0x000000e138200000) (1024K)]

Stack: [0x000000e138100000,0x000000e138200000]
Native frames: (J=compiled Java code, j=interpreted, Vv=VM code, C=native code)
V  [jvm.dll+0x6ef889]  (no source info available)
V  [jvm.dll+0x8e04e3]  (no source info available)
V  [jvm.dll+0x8e27ae]  (no source info available)
V  [jvm.dll+0x8e2e93]  (no source info available)
V  [jvm.dll+0x285b86]  (no source info available)
V  [jvm.dll+0x6ec0e5]  (no source info available)
V  [jvm.dll+0x6dfdea]  (no source info available)
V  [jvm.dll+0x367d9a]  (no source info available)
V  [jvm.dll+0x3701d6]  (no source info available)
V  [jvm.dll+0x35c73e]  (no source info available)
V  [jvm.dll+0x35c9d8]  (no source info available)
V  [jvm.dll+0x334a7c]  (no source info available)
V  [jvm.dll+0x33571e]  (no source info available)
V  [jvm.dll+0x8a5d45]  (no source info available)
V  [jvm.dll+0x3c5bd8]  (no source info available)
V  [jvm.dll+0x88e93c]  (no source info available)
V  [jvm.dll+0x45fbae]  (no source info available)
V  [jvm.dll+0x4619f1]  (no source info available)
C  [jli.dll+0x52a3]  (no source info available)
C  [ucrtbase.dll+0x21bb2]  (no source info available)
C  [KERNEL32.DLL+0x17374]  (no source info available)
C  [ntdll.dll+0x4cc91]  (no source info available)

Lock stack of current Java thread (top to bottom):


---------------  P R O C E S S  ---------------

Threads class SMR info:
_java_thread_list=0x00007ffe318c1ad8, length=0, elements={
}

Java Threads: ( => current thread )
Total: 0

Other Threads:
  0x0000021a588d36b0 WorkerThread "GC Thread#0"                     [id=14944, stack(0x000000e138200000,0x000000e138300000) (1024K)]
  0x0000021a588e7be0 ConcurrentGCThread "G1 Main Marker"            [id=7568, stack(0x000000e138300000,0x000000e138400000) (1024K)]
  0x0000021a588e8e90 WorkerThread "G1 Conc#0"                       [id=26640, stack(0x000000e138400000,0x000000e138500000) (1024K)]

[error occurred during error reporting (printing all threads), id 0xc0000005, EXCEPTION_ACCESS_VIOLATION (0xc0000005) at pc=0x00007ffe30f98c0a]
VM state: not at safepoint (not fully initialized)

VM Mutex/Monitor currently owned by a thread:  ([mutex/lock_event])
[0x00007ffe31944e70] Heap_lock - owner thread: 0x0000021a565d9130

Heap address: 0x000000070a400000, size: 3932 MB, Compressed Oops mode: Zero based, Oop shift amount: 3

CDS archive(s) mapped at: [0x0000000000000000-0x0000000000000000-0x0000000000000000), size 0, SharedBaseAddress: 0x0000000800000000, ArchiveRelocationMode: 1.
Narrow klass base: 0x0000000000000000, Narrow klass shift: 0, Narrow klass range: 0x0

GC Precious Log:
 CardTable entry size: 512
 Card Set container configuration: InlinePtr #cards 4 size 8 Array Of Cards #cards 16 size 48 Howl #buckets 8 coarsen threshold 3686 Howl Bitmap #cards 512 size 80 coarsen threshold 460 Card regions per heap region 1 cards per card region 4096

Heap:
 garbage-first heap   total reserved 4026368K, committed 0K, used 0K [0x000000070a400000, 0x0000000800000000)
  region size 2048K, 0 young (0K), 0 survivors (0K)

[error occurred during error reporting (printing heap information), id 0xc0000005, EXCEPTION_ACCESS_VIOLATION (0xc0000005) at pc=0x00007ffe3139bc69]
GC Heap History (0 events):
No events

Dll operation events (1 events):
Event: 0.010 Loaded shared library C:\Program Files\Java\zulu23.30.13-ca-fx-jdk23.0.1-win_x64\bin\java.dll

Deoptimization events (0 events):
No events

Classes loaded (0 events):
No events

Classes unloaded (0 events):
No events

Classes redefined (0 events):
No events

Internal exceptions (0 events):
No events

VM Operations (0 events):
No events

Memory protections (0 events):
No events

Nmethod flushes (0 events):
No events

Events (0 events):
No events


Dynamic libraries:
0x00007ff650090000 - 0x00007ff65009e000 	C:\Program Files\Java\zulu23.30.13-ca-fx-jdk23.0.1-win_x64\bin\java.exe
0x00007ffe6a690000 - 0x00007ffe6a888000 	C:\Windows\SYSTEM32\ntdll.dll
0x00007ffe69320000 - 0x00007ffe693e2000 	C:\Windows\System32\KERNEL32.DLL
0x00007ffe680d0000 - 0x00007ffe683c6000 	C:\Windows\System32\KERNELBASE.dll
0x00007ffe67fd0000 - 0x00007ffe680d0000 	C:\Windows\System32\ucrtbase.dll
0x00007ffe47ce0000 - 0x00007ffe47cf7000 	C:\Program Files\Java\zulu23.30.13-ca-fx-jdk23.0.1-win_x64\bin\jli.dll
0x00007ffe49050000 - 0x00007ffe4906b000 	C:\Program Files\Java\zulu23.30.13-ca-fx-jdk23.0.1-win_x64\bin\VCRUNTIME140.dll
0x00007ffe693f0000 - 0x00007ffe69591000 	C:\Windows\System32\USER32.dll
0x00007ffe51d60000 - 0x00007ffe51ffb000 	C:\Windows\WinSxS\amd64_microsoft.windows.common-controls_6595b64144ccf1df_6.0.19041.6456_none_60b8a6cb71f64256\COMCTL32.dll
0x00007ffe685e0000 - 0x00007ffe68602000 	C:\Windows\System32\win32u.dll
0x00007ffe68760000 - 0x00007ffe687fe000 	C:\Windows\System32\msvcrt.dll
0x00007ffe69200000 - 0x00007ffe6922b000 	C:\Windows\System32\GDI32.dll
0x00007ffe67d20000 - 0x00007ffe67e39000 	C:\Windows\System32\gdi32full.dll
0x00007ffe68610000 - 0x00007ffe686ad000 	C:\Windows\System32\msvcp_win.dll
0x00007ffe68e40000 - 0x00007ffe68e6f000 	C:\Windows\System32\IMM32.DLL
0x00007ffe613b0000 - 0x00007ffe613bc000 	C:\Program Files\Java\zulu23.30.13-ca-fx-jdk23.0.1-win_x64\bin\vcruntime140_1.dll
0x00007ffe357d0000 - 0x00007ffe3585e000 	C:\Program Files\Java\zulu23.30.13-ca-fx-jdk23.0.1-win_x64\bin\msvcp140.dll
0x00007ffe30c50000 - 0x00007ffe31a26000 	C:\Program Files\Java\zulu23.30.13-ca-fx-jdk23.0.1-win_x64\bin\server\jvm.dll
0x00007ffe699e0000 - 0x00007ffe69a91000 	C:\Windows\System32\ADVAPI32.dll
0x00007ffe695a0000 - 0x00007ffe6963f000 	C:\Windows\System32\sechost.dll
0x00007ffe688b0000 - 0x00007ffe689d0000 	C:\Windows\System32\RPCRT4.dll
0x00007ffe68530000 - 0x00007ffe68557000 	C:\Windows\System32\bcrypt.dll
0x00007ffe69230000 - 0x00007ffe6929b000 	C:\Windows\System32\WS2_32.dll
0x00007ffe5c110000 - 0x00007ffe5c137000 	C:\Windows\SYSTEM32\WINMM.dll
0x00007ffe67a60000 - 0x00007ffe67aab000 	C:\Windows\SYSTEM32\POWRPROF.dll
0x00007ffe5cce0000 - 0x00007ffe5ccea000 	C:\Windows\SYSTEM32\VERSION.dll
0x00007ffe67a40000 - 0x00007ffe67a52000 	C:\Windows\SYSTEM32\UMPDC.dll
0x00007ffe65b30000 - 0x00007ffe65b42000 	C:\Windows\SYSTEM32\kernel.appcore.dll
0x00007ffe55ab0000 - 0x00007ffe55aba000 	C:\Program Files\Java\zulu23.30.13-ca-fx-jdk23.0.1-win_x64\bin\jimage.dll
0x00007ffe5bbe0000 - 0x00007ffe5bde1000 	C:\Windows\SYSTEM32\DBGHELP.DLL
0x00007ffe59bb0000 - 0x00007ffe59be4000 	C:\Windows\SYSTEM32\dbgcore.DLL
0x00007ffe67e40000 - 0x00007ffe67ec2000 	C:\Windows\System32\bcryptPrimitives.dll
0x00007ffe53b50000 - 0x00007ffe53b5f000 	C:\Program Files\Java\zulu23.30.13-ca-fx-jdk23.0.1-win_x64\bin\instrument.dll
0x00007ffe47420000 - 0x00007ffe4743e000 	C:\Program Files\Java\zulu23.30.13-ca-fx-jdk23.0.1-win_x64\bin\java.dll
0x00007ffe690d0000 - 0x00007ffe691fb000 	C:\Windows\System32\ole32.dll
0x00007ffe6a210000 - 0x00007ffe6a564000 	C:\Windows\System32\combase.dll
0x00007ffe69aa0000 - 0x00007ffe6a210000 	C:\Windows\System32\SHELL32.dll

dbghelp: loaded successfully - version: 4.0.5 - missing functions: none
symbol engine: initialized successfully - sym options: 0x614 - pdb path: .;C:\Program Files\Java\zulu23.30.13-ca-fx-jdk23.0.1-win_x64\bin;C:\Windows\SYSTEM32;C:\Windows\WinSxS\amd64_microsoft.windows.common-controls_6595b64144ccf1df_6.0.19041.6456_none_60b8a6cb71f64256;C:\Program Files\Java\zulu23.30.13-ca-fx-jdk23.0.1-win_x64\bin\server

VM Arguments:
jvm_args: -XX:TieredStopAtLevel=1 -Dspring.output.ansi.enabled=always -javaagent:F:\IntelliJ\IntelliJ IDEA 2025.3.1.1\lib\idea_rt.jar=54271 -Dfile.encoding=UTF-8 -Dsun.stdout.encoding=UTF-8 -Dsun.stderr.encoding=UTF-8 
java_command: com.game.api_gateway.ApiGatewayApplication
java_class_path (initial): F:\IntelliJ\Projects\othello-master\api-gateway\target\classes;C:\Users\anhdu\.m2\repository\org\springframework\cloud\spring-cloud-starter-gateway\4.1.2\spring-cloud-starter-gateway-4.1.2.jar;C:\Users\anhdu\.m2\repository\org\springframework\cloud\spring-cloud-starter\4.1.2\spring-cloud-starter-4.1.2.jar;C:\Users\anhdu\.m2\repository\org\springframework\cloud\spring-cloud-context\4.1.2\spring-cloud-context-4.1.2.jar;C:\Users\anhdu\.m2\repository\org\springframework\security\spring-security-crypto\6.2.4\spring-security-crypto-6.2.4.jar;C:\Users\anhdu\.m2\repository\org\springframework\cloud\spring-cloud-commons\4.1.2\spring-cloud-commons-4.1.2.jar;C:\Users\anhdu\.m2\repository\org\springframework\security\spring-security-rsa\1.1.2\spring-security-rsa-1.1.2.jar;C:\Users\anhdu\.m2\repository\org\bouncycastle\bcprov-jdk18on\1.77\bcprov-jdk18on-1.77.jar;C:\Users\anhdu\.m2\repository\org\springframework\cloud\spring-cloud-gateway-server\4.1.2\spring-cloud-gateway-server-4.1.2.jar;C:\Users\anhdu\.m2\repository\org\springframework\boot\spring-boot-starter-validation\3.2.5\spring-boot-starter-validation-3.2.5.jar;C:\Users\anhdu\.m2\repository\org\apache\tomcat\embed\tomcat-embed-el\10.1.20\tomcat-embed-el-10.1.20.jar;C:\Users\anhdu\.m2\repository\org\hibernate\validator\hibernate-validator\8.0.1.Final\hibernate-validator-8.0.1.Final.jar;C:\Users\anhdu\.m2\repository\jakarta\validation\jakarta.validation-api\3.0.2\jakarta.validation-api-3.0.2.jar;C:\Users\anhdu\.m2\repository\org\jboss\logging\jboss-logging\3.5.3.Final\jboss-logging-3.5.3.Final.jar;C:\Users\anhdu\.m2\repository\com\fasterxml\classmate\1.6.0\classmate-1.6.0.jar;C:\Users\anhdu\.m2\repository\io\projectreactor\addons\reactor-extra\3.5.1\reactor-extra-3.5.1.jar;C:\Users\anhdu\.m2\repository\io\projectreactor\reactor-core\3.6.5\reactor-core-3.6.5.jar;C:\Users\anhdu\.m2\repository\org\reactivestreams\reactive-streams\1.0.4\reactive-streams-1.0.4.jar;C:\Users\anhdu\.m2\repository\org\springframework\boot\spring-boot-starter-webflux\3.2.5\spring-boot-starter-webflux-3.2.5.jar;C:\Users\anhdu\.m2\repository\org\springframework\boot\spring-boot-starter-json\3.2.5\spring-boot-starter-json-3.2.5.jar;C:\Users\anhdu\.m2\repository\com\fasterxml\jackson\core\jackson-databind\2.15.4\jackson-databind-2.15.4.jar;C:\Users\anhdu\.m2\repository\com\fasterxml\jackson\core\jackson-annotations\2.15.4\jackson-annotations-2.15.4.jar;C:\Users\anhdu\.m2\repository\com\fasterxml\jackson\core\jackson-core\2.15.4\jackson-core-2.15.4.jar;C:\Users\anhdu\.m2\repository\com\fasterxml\jackson\datatype\jackson-datatype-jdk8\2.15.4\jackson-datatype-jdk8-2.15.4.jar;C:\Users\anhdu\.m2\repository\com\fasterxml\jackson\datatype\jackson-datatype-jsr310\2.15.4\jackson-datatype-jsr310-2.15.4.jar;C:\Users\anhdu\.m2\repository\com\fasterxml\jackson\module\jackson-module-parameter-names\2.15.4\jackson-module-parameter-names-2.15.4.jar;C:\Users\anhdu\.m2\repository\org\springframework\boot\spring-boot-starter-reactor-netty\3.2.5\spring-boot-starter-reactor-netty-3.2.5.jar;C:\Users\anhdu\.m2\repository\io\projectreactor\netty\reactor-netty-http\1.1.18\reactor-netty-http-1.1.18.jar;C:\Users\anhdu\.m2\repository\io\netty\netty-codec-http\4.1.109.Final\netty-codec-http-4.1.109.Final.jar;C:\Users\anhdu\.m2\repository\io\netty\netty-common\4.1.109.Final\netty-common-4.1.109.Final.jar;C:\Users\anhdu\.m2\repository\io\netty\netty-buffer\4.1.109.Final\netty-buffer-4.1.109.Final.jar;C:\Users\anhdu\.m2\repository\io\netty\netty-transport\4.1.109.Final\netty-transport-4.1.109.Final.jar;C:\Users\anhdu\.m2\repository\io\netty\netty-codec\4.1.109.Final\netty-codec-4.1.109.Final.jar;C:\Users\anhdu\.m2\repository\io\netty\netty-handler\4.1.109.Final\netty-handler-4.1.109.Final.jar;C:\Users\anhdu\.m2\repository\io\netty\netty-codec-http2\4.1.109.Final\netty-codec-http2-4.1.109.Final.jar;C:\Users\anhdu\.m2\repository\io\netty\netty-resolver-dns\4.1.109.Final\netty-resolver-dns-4.1.109.Final.jar;C:\Users\anhdu\.m2\repository\io\netty\netty-resolver\4.1.109.Final\netty-resolver-4.1.109.Final.jar;C:\Users\anhdu\.m2\repository\io\netty\netty-codec-dns\4.1.109.Final\netty-codec-dns-4.1.109.Final.jar;C:\Users\anhdu\.m2\repository\io\netty\netty-resolver-dns-native-macos\4.1.109.Final\netty-resolver-dns-native-macos-4.1.109.Final-osx-x86_64.jar;C:\Users\anhdu\.m2\repository\io\netty\netty-resolver-dns-classes-macos\4.1.109.Final\netty-resolver-dns-classes-macos-4.1.109.Final.jar;C:\Users\anhdu\.m2\repository\io\netty\netty-transport-native-epoll\4.1.109.Final\netty-transport-native-epoll-4.1.109.Final-linux-x86_64.jar;C:\Users\anhdu\.m2\repository\io\netty\netty-transport-native-unix-common\4.1.109.Final\netty-transport-native-unix-common-4.1.109.Final.jar;C:\Users\anhdu\.m2\repository\io\netty\netty-transport-classes-epoll\4.1.109.Final\netty-transport-classes-epoll-4.1.109.Final.jar;C:\Users\anhdu\.m2\repository\io\projectreactor\netty\reactor-netty-core\1.1.18\reactor-netty-core-1.1.18.jar;C:\Users\anhdu\.m2\repository\io\netty\netty-handler-proxy\4.1.109.Final\netty-handler-proxy-4.1.109.Final.jar;C:\Users\anhdu\.m2\repository\io\netty\netty-codec-socks\4.1.109.Final\netty-codec-socks-4.1.109.Final.jar;C:\Users\anhdu\.m2\repository\org\springframework\spring-web\6.1.6\spring-web-6.1.6.jar;C:\Users\anhdu\.m2\repository\org\springframework\spring-beans\6.1.6\spring-beans-6.1.6.jar;C:\Users\anhdu\.m2\repository\io\micrometer\micrometer-observation\1.12.5\micrometer-observation-1.12.5.jar;C:\Users\anhdu\.m2\repository\io\micrometer\micrometer-commons\1.12.5\micrometer-commons-1.12.5.jar;C:\Users\anhdu\.m2\repository\org\springframework\spring-webflux\6.1.6\spring-webflux-6.1.6.jar;C:\Users\anhdu\.m2\repository\org\springframework\boot\spring-boot-starter\3.2.5\spring-boot-starter-3.2.5.jar;C:\Users\anhdu\.m2\repository\org\springframework\boot\spring-boot\3.2.5\spring-boot-3.2.5.jar;C:\Users\anhdu\.m2\repository\org\springframework\spring-context\6.1.6\spring-context-6.1.6.jar;C:\Users\anhdu\.m2\repository\org\springframework\spring-aop\6.1.6\spring-aop-6.1.6.jar;C:\Users\anhdu\.m2\repository\org\springframework\spring-expression\6.1.6\spring-expression-6.1.6.jar;C:\Users\anhdu\.m2\repository\org\springframework\boot\spring-boot-autoconfigure\3.2.5\spring-boot-autoconfigure-3.2.5.jar;C:\Users\anhdu\.m2\repository\org\springframework\boot\spring-boot-starter-logging\3.2.5\spring-boot-starter-logging-3.2.5.jar;C:\Users\anhdu\.m2\repository\ch\qos\logback\logback-classic\1.4.14\logback-classic-1.4.14.jar;C:\Users\anhdu\.m2\repository\ch\qos\logback\logback-core\1.4.14\logback-core-1.4.14.jar;C:\Users\anhdu\.m2\repository\org\apache\logging\log4j\log4j-to-slf4j\2.21.1\log4j-to-slf4j-2.21.1.jar;C:\Users\anhdu\.m2\repository\org\apache\logging\log4j\log4j-api\2.21.1\log4j-api-2.21.1.jar;C:\Users\anhdu\.m2\repository\org\slf4j\jul-to-slf4j\2.0.13\jul-to-slf4j-2.0.13.jar;C:\Users\anhdu\.m2\repository\jakarta\annotation\jakarta.annotation-api\2.1.1\jakarta.annotation-api-2.1.1.jar;C:\Users\anhdu\.m2\repository\org\yaml\snakeyaml\2.2\snakeyaml-2.2.jar;C:\Users\anhdu\.m2\repository\org\slf4j\slf4j-api\2.0.13\slf4j-api-2.0.13.jar;C:\Users\anhdu\.m2\repository\org\springframework\spring-core\6.1.6\spring-core-6.1.6.jar;C:\Users\anhdu\.m2\repository\org\springframework\spring-jcl\6.1.6\spring-jcl-6.1.6.jar
Launcher Type: SUN_STANDARD

[Global flags]
     intx CICompilerCount                          = 12                                        {product} {ergonomic}
     uint ConcGCThreads                            = 3                                         {product} {ergonomic}
     uint G1ConcRefinementThreads                  = 13                                        {product} {ergonomic}
   size_t G1HeapRegionSize                         = 2097152                                   {product} {ergonomic}
   size_t InitialHeapSize                          = 257949696                                 {product} {ergonomic}
   size_t MarkStackSize                            = 4194304                                   {product} {ergonomic}
   size_t MarkStackSizeMax                         = 536870912                                 {product} {ergonomic}
   size_t MaxHeapSize                              = 4123000832                                {product} {ergonomic}
   size_t MinHeapDeltaBytes                        = 2097152                                   {product} {ergonomic}
   size_t MinHeapSize                              = 8388608                                   {product} {ergonomic}
    uintx NonNMethodCodeHeapSize                   = 4096                                   {pd product} {ergonomic}
    uintx NonProfiledCodeHeapSize                  = 0                                      {pd product} {ergonomic}
     bool ProfileInterpreter                       = false                                  {pd product} {command line}
    uintx ProfiledCodeHeapSize                     = 0                                      {pd product} {ergonomic}
   size_t SoftMaxHeapSize                          = 4123000832                             {manageable} {ergonomic}
     intx TieredStopAtLevel                        = 1                                         {product} {command line}
     bool UseCompressedOops                        = true                           {product lp64_product} {ergonomic}
     bool UseG1GC                                  = true                                      {product} {ergonomic}
     bool UseLargePagesIndividualAllocation        = false                                  {pd product} {ergonomic}

Logging:
Log output configuration:
 #0: stdout all=warning uptime,level,tags foldmultilines=false
 #1: stderr all=off uptime,level,tags foldmultilines=false

Environment Variables:
JAVA_HOME=C:\Program Files\Java\jdk-22
PATH=C:\Program Files\Microsoft MPI\Bin\;C:\Program Files (x86)\VMware\VMware Workstation\bin\;C:\Program Files\Common Files\Oracle\Java\javapath;C:\Windows\system32;C:\Windows;C:\Windows\System32\Wbem;C:\Windows\System32\WindowsPowerShell\v1.0\;C:\Windows\System32\OpenSSH\;C:\MinGW\bin;C:\sqlite;C:\apache-maven-3.9.9\bin;C:\Users\anhdu\cmake-3.30.4-windows-x86_64\bin;C:\Program Files (x86)\MySQL\mysql-connector-j-9.1.0;G:\Flutter\flutter\bin;C:\Program Files\Git\cmd;C:\Program Files\nodejs\;C:\Program Files\Java\jdk-22\bin;;C:\Program Files\Docker\Docker\resources\bin;C:\Users\anhdu\AppData\Local\Programs\Python\Python311\Scripts\;C:\Users\anhdu\AppData\Local\Programs\Python\Python311\;C:\Program Files\MySQL\MySQL Shell 8.0\bin\;C:\Users\anhdu\AppData\Local\Microsoft\WindowsApps;F:\Microsoft VS Code\bin;C:\Users\anhdu\AppData\Roaming\npm;C:\Users\anhdu\AppData\Local\Android\Sdk\emulator;C:\Users\anhdu\AppData\Local\Android\Sdk\platform-tools;F:\IntelliJ\IntelliJ IDEA 2025.3.1.1\bin;F:\cursor\cursor\resources\app\bin;G:\Kiro\Kiro\bin;G:\DataGrip\DataGrip 2026.1.1\bin
USERNAME=admin
OS=Windows_NT
PROCESSOR_IDENTIFIER=AMD64 Family 25 Model 80 Stepping 0, AuthenticAMD
TMP=C:\Users\anhdu\AppData\Local\Temp
TEMP=C:\Users\anhdu\AppData\Local\Temp




Periodic native trim disabled

---------------  S Y S T E M  ---------------

OS:
 Windows 10 , 64 bit Build 19041 (10.0.19041.5915)
OS uptime: 2 days 20:34 hours
Hyper-V role detected

CPU: total 16 (initial active 16) (16 cores per cpu, 2 threads per core) family 25 model 80 stepping 0 microcode 0x0, cx8, cmov, fxsr, ht, mmx, 3dnowpref, sse, sse2, sse3, ssse3, sse4a, sse4.1, sse4.2, popcnt, lzcnt, tsc, tscinvbit, avx, avx2, aes, erms, clmul, bmi1, bmi2, adx, sha, fma, vzeroupper, clflush, clflushopt, hv, rdtscp, rdpid, fsrm, f16c, cet_ss
Processor Information for the first 16 processors :
  Max Mhz: 3201, Current Mhz: 3201, Mhz Limit: 3201

Memory: 4k page, system-wide physical 15720M (527M free)
TotalPageFile size 29316M (AvailPageFile size 173M)
current process WorkingSet (physical memory assigned to process): 12M, peak: 12M
current process commit charge ("private bytes"): 66M, peak: 312M

vm_info: OpenJDK 64-Bit Server VM (23.0.1+11) for windows-amd64 JRE (23.0.1+11) (Zulu23.30+13-CA), built on 2024-10-04T17:23:40Z with MS VC++ 17.1 (VS2022)

END.
